  develop
  feature/1.0.0/auto_merge
  feature/1.0.0/publish
  feature/enum_string
  feature/v0.0.2
  feature/v0.0.3
  feature/v0.0.4
  feature/v0.0.5
  feature/v0.0.6
* master
  test/newbranche
  test/newmerge
  remotes/origin/develop
  remotes/origin/feature/1.0.0/auto_merge
  remotes/origin/feature/1.0.0/publish
  remotes/origin/feature/enum_string
  remotes/origin/feature/v0.0.2
  remotes/origin/feature/v0.0.3
  remotes/origin/feature/v0.0.4
  remotes/origin/feature/v0.0.5
  remotes/origin/feature/v0.0.6
  remotes/origin/master
  remotes/origin/test/newbranche
  remotes/origin/test/newmerge
  remotes/upstream/feature/1.0.0/publish
  remotes/upstream/feature/enum_string
  remotes/upstream/feature/v0.0.2
  remotes/upstream/feature/v0.0.3
  remotes/upstream/feature/v0.0.5
  remotes/upstream/feature/v0.0.6
  remotes/upstream/master
